<?xml version="1.0" encoding="UTF-8"?>
<!-- Generated by org.testng.reporters.JUnitReportReporter -->
<testsuite skipped="0" hostname="Mukhesh" name="Selenium.ImplicitWait" tests="1" failures="0" timestamp="29 Jan 2020 09:58:10 GMT" time="35.422" errors="0">
  <testcase name="checkImplicitWait" time="35.422" classname="Selenium.ImplicitWait"/>
</testsuite> <!-- Selenium.ImplicitWait -->
