<?xml version="1.0" encoding="UTF-8"?>
<!-- Generated by org.testng.reporters.JUnitReportReporter -->
<testsuite skipped="0" hostname="Mukhesh" name="Selenium.CompanyProfile" tests="1" failures="0" timestamp="29 Jan 2020 16:55:25 GMT" time="25.729" errors="0">
  <testcase name="checkCompanyProfile" time="25.729" classname="Selenium.CompanyProfile"/>
</testsuite> <!-- Selenium.CompanyProfile -->
